\BOOKMARK [0][-]{chapter*.1}{\376\377\000A\000c\000k\000n\000o\000w\000l\000e\000d\000g\000m\000e\000n\000t\000s}{}% 1
\BOOKMARK [0][-]{chapter*.2}{\376\377\000A\000b\000s\000t\000r\000a\000c\000t}{}% 2
\BOOKMARK [0][-]{toc.0}{\376\377\000T\000a\000b\000l\000e\000\040\000o\000f\000\040\000C\000o\000n\000t\000e\000n\000t\000s}{}% 3
\BOOKMARK [0][-]{chapter.3}{\376\377\0001\000\040\000I\000n\000t\000r\000o\000d\000u\000c\000t\000i\000o\000n}{}% 4
\BOOKMARK [1][-]{section.4}{\376\377\0001\000.\0001\000\040\000A\000r\000t\000i\000f\000i\000c\000i\000a\000l\000\040\000n\000e\000u\000r\000a\000l\000\040\000n\000e\000t\000w\000o\000r\000k\000s}{chapter.3}% 5
\BOOKMARK [1][-]{section.8}{\376\377\0001\000.\0002\000\040\000A\000d\000j\000u\000s\000t\000m\000e\000n\000t\000\040\000o\000f\000\040\000t\000h\000e\000\040\000e\000d\000g\000e\000w\000e\000i\000g\000h\000t\000s}{chapter.3}% 6
\BOOKMARK [2][-]{subsection.10}{\376\377\0001\000.\0002\000.\0001\000\040\000A\000\040\000s\000i\000m\000p\000l\000e\000\040\000c\000l\000a\000c\000u\000l\000a\000t\000i\000o\000n\000\040\000e\000x\000a\000m\000p\000l\000e\000\040\000\050\000o\000n\000\040\000F\000i\000g\000u\000r\000e\000\040\0001\000.\0003\000\051}{section.8}% 7
\BOOKMARK [1][-]{section.11}{\376\377\0001\000.\0003\000\040\000T\000h\000e\000\040\000n\000e\000t\000w\000o\000r\000k\000\040\000u\000s\000e\000d}{chapter.3}% 8
\BOOKMARK [1][-]{section.13}{\376\377\0001\000.\0004\000\040\000R\000e\000l\000a\000t\000e\000d\000\040\000W\000o\000r\000k}{chapter.3}% 9
\BOOKMARK [1][-]{section.17}{\376\377\0001\000.\0005\000\040\000E\000x\000p\000e\000c\000t\000a\000t\000i\000o\000n\000s\000\040\000o\000f\000\040\000t\000h\000e\000\040\000F\000C\000N}{chapter.3}% 10
\BOOKMARK [0][-]{chapter.18}{\376\377\0002\000\040\000E\000v\000a\000l\000u\000a\000t\000i\000o\000n}{}% 11
\BOOKMARK [1][-]{section.19}{\376\377\0002\000.\0001\000\040\000E\000v\000a\000l\000u\000a\000t\000i\000o\000n\000\040\000o\000n\000\040\000D\000a\000t\000a\000s\000e\000t\000s}{chapter.18}% 12
\BOOKMARK [2][-]{subsection.20}{\376\377\0002\000.\0001\000.\0001\000\040\000C\000O\000F\000W}{section.19}% 13
\BOOKMARK [2][-]{subsection.29}{\376\377\0002\000.\0001\000.\0002\000\040\000P\000a\000r\000t\000s\000-\000L\000F\000W}{section.19}% 14
\BOOKMARK [1][-]{section.31}{\376\377\0002\000.\0002\000\040\000E\000v\000a\000l\000u\000a\000t\000i\000o\000n\000\040\000o\000n\000\040\000S\000y\000n\000t\000h\000e\000t\000i\000c\000-\000D\000a\000t\000a}{chapter.18}% 15
\BOOKMARK [2][-]{subsection.33}{\376\377\0002\000.\0002\000.\0001\000\040\000D\000e\000p\000e\000n\000d\000e\000n\000c\000e\000\040\000o\000f\000\040\000t\000h\000e\000\040\000E\000u\000l\000e\000r\000\040\000a\000n\000g\000l\000e\000s}{section.31}% 16
\BOOKMARK [2][-]{subsection.35}{\376\377\0002\000.\0002\000.\0002\000\040\000r\000a\000n\000d\000o\000m\000\040\000b\000o\000x\000e\000s\000\040\000a\000s\000\040\000o\000c\000c\000l\000u\000s\000i\000o\000n\000s}{section.31}% 17
\BOOKMARK [1][-]{section.39}{\376\377\0002\000.\0003\000\040\000P\000a\000r\000a\000m\000e\000t\000r\000i\000c\000-\000F\000a\000c\000e\000-\000I\000m\000a\000g\000e\000-\000G\000e\000n\000e\000r\000a\000t\000o\000r}{chapter.18}% 18
\BOOKMARK [0][-]{chapter.40}{\376\377\0003\000\040\000E\000v\000a\000l\000u\000a\000t\000i\000o\000n\000\040\000o\000f\000\040\000t\000h\000e\000\040\000F\000i\000t\000t\000i\000n\000g\000\040\000w\000i\000t\000h\000\040\000t\000h\000e\000\040\000S\000e\000g\000m\000e\000n\000t\000a\000t\000i\000o\000n\000\040\000o\000f\000\040\000t\000h\000e\000\040\000F\000C\000N}{}% 19
\BOOKMARK [1][-]{section.44}{\376\377\0003\000.\0001\000\040\000E\000v\000a\000l\000u\000a\000t\000i\000o\000n\000\040\000o\000n\000\040\000a\000\040\000t\000a\000i\000l\000o\000r\000e\000d\000\040\000f\000a\000c\000e}{chapter.40}% 20
\BOOKMARK [2][-]{subsection.55}{\376\377\0003\000.\0001\000.\0001\000\040\000R\000u\000n\000t\000i\000m\000e}{section.44}% 21
\BOOKMARK [0][-]{chapter.57}{\376\377\0004\000\040\000I\000n\000t\000e\000g\000r\000a\000t\000i\000o\000n\000\040\000o\000f\000\040\000t\000h\000e\000\040\000F\000C\000N\000\040\000i\000n\000t\000o\000\040\000t\000h\000e\000\040\000o\000r\000i\000g\000i\000n\000a\000l\000\040\000w\000o\000r\000k\000\040\000o\000f\000\040\000E\000g\000g\000e\000r\000\040\000e\000t\000\040\000a\000l\000.}{}% 22
\BOOKMARK [0][-]{chapter.81}{\376\377\0005\000\040\000C\000o\000n\000c\000l\000u\000s\000i\000o\000n}{}% 23
\BOOKMARK [0][-]{section*.88}{\376\377\000B\000i\000b\000l\000i\000o\000g\000r\000a\000p\000h\000y}{}% 24
\BOOKMARK [0][-]{appendix.89}{\376\377\000A\000\040\000A\000p\000p\000e\000n\000d\000i\000x}{}% 25
\BOOKMARK [1][-]{section.90}{\376\377\000A\000.\0001\000\040\000C\000O\000F\000W\000-\000I\000m\000a\000g\000e\000s\000\040\000a\000n\000d\000\040\000F\000i\000t\000s}{appendix.89}% 26
\BOOKMARK [1][-]{section.92}{\376\377\000A\000.\0002\000\040\000D\000a\000t\000a\000s\000e\000t\000s\000\040\000o\000t\000h\000e\000r\000\040\000t\000h\000a\000n\000\040\000H\000a\000n\000d\000s\000\050\000w\000h\000i\000c\000h\000\040\000a\000r\000e\000\040\000s\000h\000o\000w\000n\000\040\000i\000n\000\040\000t\000h\000e\000\040\000t\000h\000e\000s\000i\000s\000\051}{appendix.89}% 27
\BOOKMARK [0][-]{appendix*.93}{\376\377\000D\000e\000c\000l\000a\000r\000a\000t\000i\000o\000n\000\040\000o\000n\000\040\000S\000c\000i\000e\000n\000t\000i\000f\000i\000c\000\040\000I\000n\000t\000e\000g\000r\000i\000t\000y}{}% 28
